<?xml version="1.0" encoding="UTF-8"?>
<!-- Generated by org.testng.reporters.JUnitReportReporter -->
<testsuite hostname="Hrishabh" failures="0" tests="1" name="testngTestcases.ParallelClassTest1" time="14.169" errors="0" timestamp="2024-03-12T19:15:49 IST" skipped="0">
  <testcase classname="testngTestcases.ParallelClassTest1" name="fireFoxMethod" time="14.169"/>
  <system-out/>
</testsuite> <!-- testngTestcases.ParallelClassTest1 -->
