<?xml version="1.0" encoding="UTF-8"?>
<!-- Generated by org.testng.reporters.JUnitReportReporter -->
<testsuite hostname="Hrishabh" failures="0" tests="2" name="testngTestcases.DependsOnTesting" time="13.535" errors="0" timestamp="2024-03-12T23:03:20 IST" skipped="0">
  <testcase classname="testngTestcases.DependsOnTesting" name="Apple" time="6.682"/>
  <system-out/>
  <testcase classname="testngTestcases.DependsOnTesting" name="Banana" time="6.853"/>
  <system-out/>
</testsuite> <!-- testngTestcases.DependsOnTesting -->
