<?xml version="1.0" encoding="UTF-8"?>
<!-- Generated by org.testng.reporters.JUnitReportReporter -->
<testsuite hostname="Hrishabh" failures="0" tests="1" name="testngTestcases.ParallelClassTest2" time="10.348" errors="0" timestamp="2024-03-12T19:15:49 IST" skipped="0">
  <testcase classname="testngTestcases.ParallelClassTest2" name="chromeMethod" time="10.348"/>
  <system-out/>
</testsuite> <!-- testngTestcases.ParallelClassTest2 -->
