<?xml version="1.0" encoding="UTF-8"?>
<!-- Generated by org.testng.reporters.JUnitReportReporter -->
<testsuite hostname="Hrishabh" failures="0" tests="1" name="testngTestcases.MyClass" time="0.014" errors="0" timestamp="2024-03-12T13:52:28 IST" skipped="0">
  <testcase classname="testngTestcases.MyClass" name="second" time="0.014"/>
  <system-out/>
</testsuite> <!-- testngTestcases.MyClass -->
