<?xml version="1.0" encoding="UTF-8"?>
<!-- Generated by org.testng.reporters.JUnitReportReporter -->
<testsuite hostname="Hrishabh" failures="0" tests="1" name="testngTestcases.Grouping" time="0.011" errors="0" timestamp="2024-03-12T16:55:27 IST" skipped="0">
  <testcase classname="testngTestcases.Grouping" name="second" time="0.011"/>
  <system-out/>
</testsuite> <!-- testngTestcases.Grouping -->
