<?xml version="1.0" encoding="UTF-8"?>
<!-- Generated by org.testng.reporters.JUnitReportReporter -->
<testsuite hostname="Hrishabh" failures="0" tests="1" name="testngTestcases.ParallelTest1" time="13.540" errors="0" timestamp="2024-03-12T19:06:05 IST" skipped="0">
  <testcase classname="testngTestcases.ParallelTest1" name="fireFoxMethod" time="13.540"/>
  <system-out/>
</testsuite> <!-- testngTestcases.ParallelTest1 -->
