<?xml version="1.0" encoding="UTF-8"?>
<!-- Generated by org.testng.reporters.JUnitReportReporter -->
<testsuite hostname="Hrishabh" failures="0" tests="1" name="testCases.FindBrokenLinks" time="13.526" errors="0" timestamp="2024-03-05T23:17:58 IST" skipped="0">
  <testcase classname="testCases.FindBrokenLinks" name="findBrokenLinks" time="13.526"/>
  <system-out/>
</testsuite> <!-- testCases.FindBrokenLinks -->
