<?xml version="1.0" encoding="UTF-8"?>
<!-- Generated by org.testng.reporters.JUnitReportReporter -->
<testsuite hostname="Hrishabh" failures="0" tests="2" name="testngTestcases.DataProvidersTest" time="16.429" errors="0" timestamp="2024-03-12T16:04:13 IST" skipped="0">
  <testcase classname="testngTestcases.DataProvidersTest" name="testMethod" time="7.695"/>
  <system-out/>
  <testcase classname="testngTestcases.DataProvidersTest" name="testMethod" time="8.734"/>
  <system-out/>
</testsuite> <!-- testngTestcases.DataProvidersTest -->
