<?xml version="1.0" encoding="UTF-8"?>
<!-- Generated by org.testng.reporters.JUnitReportReporter -->
<testsuite hostname="Hrishabh" failures="0" tests="1" name="testngTestcases.BrokenLinks" time="8.959" errors="0" timestamp="2024-03-12T16:30:44 IST" skipped="0">
  <testcase classname="testngTestcases.BrokenLinks" name="findBrokenLinks" time="8.959"/>
  <system-out/>
</testsuite> <!-- testngTestcases.BrokenLinks -->
