<?xml version="1.0" encoding="UTF-8"?>
<!-- Generated by org.testng.reporters.JUnitReportReporter -->
<testsuite hostname="Hrishabh" failures="0" tests="2" name="testngTestcases.ParallelTesting" time="41.650" errors="0" timestamp="2024-03-12T18:54:53 IST" skipped="0">
  <testcase classname="testngTestcases.ParallelTesting" name="firefoxDriver" time="15.453"/>
  <system-out/>
  <testcase classname="testngTestcases.ParallelTesting" name="chromeBrowser" time="26.197"/>
  <system-out/>
</testsuite> <!-- testngTestcases.ParallelTesting -->
